[04Oct2025 00:00:30.653] [Server thread/WARN] [net.minecraft.server.level.ServerPlayerGameMode/]: Mismatch in destroy block pos: BlockPos{x=-81, y=104, z=-9} BlockPos{x=-63, y=103, z=-5}
[04Oct2025 00:00:31.106] [Server thread/WARN] [net.minecraft.server.level.ServerPlayerGameMode/]: Mismatch in destroy block pos: BlockPos{x=-81, y=104, z=-9} BlockPos{x=-61, y=103, z=-5}
[04Oct2025 00:00:31.157] [Server thread/WARN] [net.minecraft.server.level.ServerPlayerGameMode/]: Mismatch in destroy block pos: BlockPos{x=-81, y=104, z=-9} BlockPos{x=-61, y=103, z=-6}
[04Oct2025 00:00:31.361] [Server thread/WARN] [net.minecraft.server.level.ServerPlayerGameMode/]: Mismatch in destroy block pos: BlockPos{x=-81, y=104, z=-9} BlockPos{x=-61, y=103, z=-6}
[04Oct2025 00:00:31.459] [Server thread/WARN] [net.minecraft.server.level.ServerPlayerGameMode/]: Mismatch in destroy block pos: BlockPos{x=-81, y=104, z=-9} BlockPos{x=-61, y=103, z=-6}
[04Oct2025 00:00:32.303] [Server thread/WARN] [net.minecraft.server.level.ServerPlayerGameMode/]: Mismatch in destroy block pos: BlockPos{x=-81, y=104, z=-9} BlockPos{x=-63, y=103, z=-5}
[04Oct2025 00:00:32.452] [Server thread/WARN] [net.minecraft.server.level.ServerPlayerGameMode/]: Mismatch in destroy block pos: BlockPos{x=-81, y=104, z=-9} BlockPos{x=-63, y=103, z=-5}
[04Oct2025 00:00:32.524] [Server thread/WARN] [net.minecraft.server.level.ServerPlayerGameMode/]: Mismatch in destroy block pos: BlockPos{x=-81, y=104, z=-9} BlockPos{x=-64, y=103, z=-5}
[04Oct2025 00:00:32.561] [Server thread/WARN] [net.minecraft.server.level.ServerPlayerGameMode/]: Mismatch in destroy block pos: BlockPos{x=-81, y=104, z=-9} BlockPos{x=-64, y=103, z=-5}
[04Oct2025 00:01:09.256] [Server thread/WARN] [net.minecraft.server.level.ServerPlayerGameMode/]: Mismatch in destroy block pos: BlockPos{x=-81, y=104, z=-9} BlockPos{x=-65, y=103, z=-6}
[04Oct2025 00:01:09.361] [Server thread/WARN] [net.minecraft.server.level.ServerPlayerGameMode/]: Mismatch in destroy block pos: BlockPos{x=-81, y=104, z=-9} BlockPos{x=-65, y=103, z=-5}
[04Oct2025 00:01:09.408] [Server thread/WARN] [net.minecraft.server.level.ServerPlayerGameMode/]: Mismatch in destroy block pos: BlockPos{x=-81, y=104, z=-9} BlockPos{x=-65, y=103, z=-5}
[04Oct2025 00:01:09.847] [Server thread/WARN] [net.minecraft.server.level.ServerPlayerGameMode/]: Mismatch in destroy block pos: BlockPos{x=-81, y=104, z=-9} BlockPos{x=-63, y=103, z=-4}
[04Oct2025 00:01:09.904] [Server thread/WARN] [net.minecraft.server.level.ServerPlayerGameMode/]: Mismatch in destroy block pos: BlockPos{x=-81, y=104, z=-9} BlockPos{x=-63, y=103, z=-4}
[04Oct2025 00:01:09.948] [Server thread/WARN] [net.minecraft.server.level.ServerPlayerGameMode/]: Mismatch in destroy block pos: BlockPos{x=-81, y=104, z=-9} BlockPos{x=-62, y=103, z=-5}
[04Oct2025 00:01:10.003] [Server thread/WARN] [net.minecraft.server.level.ServerPlayerGameMode/]: Mismatch in destroy block pos: BlockPos{x=-81, y=104, z=-9} BlockPos{x=-61, y=103, z=-6}
[04Oct2025 00:01:10.148] [Server thread/WARN] [net.minecraft.server.level.ServerPlayerGameMode/]: Mismatch in destroy block pos: BlockPos{x=-81, y=104, z=-9} BlockPos{x=-61, y=103, z=-6}
[04Oct2025 00:01:10.200] [Server thread/WARN] [net.minecraft.server.level.ServerPlayerGameMode/]: Mismatch in destroy block pos: BlockPos{x=-81, y=104, z=-9} BlockPos{x=-60, y=103, z=-6}
[04Oct2025 00:01:10.250] [Server thread/WARN] [net.minecraft.server.level.ServerPlayerGameMode/]: Mismatch in destroy block pos: BlockPos{x=-81, y=104, z=-9} BlockPos{x=-60, y=103, z=-6}
[04Oct2025 00:01:10.351] [Server thread/WARN] [net.minecraft.server.level.ServerPlayerGameMode/]: Mismatch in destroy block pos: BlockPos{x=-81, y=104, z=-9} BlockPos{x=-61, y=103, z=-6}
[04Oct2025 00:01:10.401] [Server thread/WARN] [net.minecraft.server.level.ServerPlayerGameMode/]: Mismatch in destroy block pos: BlockPos{x=-81, y=104, z=-9} BlockPos{x=-60, y=103, z=-6}
[04Oct2025 00:01:10.452] [Server thread/WARN] [net.minecraft.server.level.ServerPlayerGameMode/]: Mismatch in destroy block pos: BlockPos{x=-81, y=104, z=-9} BlockPos{x=-60, y=103, z=-6}
[04Oct2025 00:01:10.602] [Server thread/WARN] [net.minecraft.server.level.ServerPlayerGameMode/]: Mismatch in destroy block pos: BlockPos{x=-81, y=104, z=-9} BlockPos{x=-61, y=103, z=-6}
[04Oct2025 00:01:10.805] [Server thread/WARN] [net.minecraft.server.level.ServerPlayerGameMode/]: Mismatch in destroy block pos: BlockPos{x=-81, y=104, z=-9} BlockPos{x=-61, y=103, z=-6}
[04Oct2025 00:01:11.010] [Server thread/WARN] [net.minecraft.server.level.ServerPlayerGameMode/]: Mismatch in destroy block pos: BlockPos{x=-81, y=104, z=-9} BlockPos{x=-61, y=103, z=-6}
[04Oct2025 00:01:11.205] [Server thread/WARN] [net.minecraft.server.level.ServerPlayerGameMode/]: Mismatch in destroy block pos: BlockPos{x=-81, y=104, z=-9} BlockPos{x=-61, y=103, z=-6}
[04Oct2025 00:01:11.407] [Server thread/WARN] [net.minecraft.server.level.ServerPlayerGameMode/]: Mismatch in destroy block pos: BlockPos{x=-81, y=104, z=-9} BlockPos{x=-61, y=103, z=-6}
[04Oct2025 00:01:11.611] [Server thread/WARN] [net.minecraft.server.level.ServerPlayerGameMode/]: Mismatch in destroy block pos: BlockPos{x=-81, y=104, z=-9} BlockPos{x=-61, y=103, z=-6}
[04Oct2025 00:01:14.748] [Server thread/WARN] [net.minecraft.server.level.ServerPlayerGameMode/]: Mismatch in destroy block pos: BlockPos{x=-81, y=104, z=-9} BlockPos{x=-64, y=105, z=-11}
[04Oct2025 00:01:41.151] [Server thread/INFO] [net.minecraft.server.MinecraftServer/]: [iuseimpact: Set own game mode to Survival Mode]
[04Oct2025 00:10:15.025] [Server thread/INFO] [net.minecraft.server.network.ServerGamePacketListenerImpl/]: iuseimpact lost connection: Disconnected
[04Oct2025 00:10:15.025] [Server thread/INFO] [net.minecraft.server.MinecraftServer/]: iuseimpact left the game
[04Oct2025 00:10:20.678] [Server thread/INFO] [net.minecraft.server.MinecraftServer/]: Stopping the server
[04Oct2025 00:10:20.717] [Server thread/INFO] [net.minecraft.server.MinecraftServer/]: Stopping server
[04Oct2025 00:10:20.718] [Server thread/INFO] [net.minecraft.server.MinecraftServer/]: Saving players
[04Oct2025 00:10:20.721] [Server thread/INFO] [net.minecraft.server.network.ServerGamePacketListenerImpl/]: gamer777_lol lost connection: Disconnected
[04Oct2025 00:10:20.722] [Server thread/INFO] [net.minecraft.server.MinecraftServer/]: gamer777_lol left the game
[04Oct2025 00:10:20.725] [Server thread/INFO] [net.minecraft.server.MinecraftServer/]: Saving worlds
[04Oct2025 00:10:21.267] [Server thread/INFO] [net.minecraft.server.MinecraftServer/]: Saving chunks for level 'ServerLevel[world]'/minecraft:overworld
[04Oct2025 00:10:22.521] [Server thread/INFO] [net.minecraft.server.MinecraftServer/]: Saving chunks for level 'ServerLevel[world]'/minecraft:the_nether
[04Oct2025 00:10:22.522] [Server thread/INFO] [net.minecraft.server.MinecraftServer/]: Saving chunks for level 'ServerLevel[world]'/minecraft:the_end
[04Oct2025 00:10:22.523] [Server thread/INFO] [net.minecraft.server.MinecraftServer/]: Saving chunks for level 'ServerLevel[world]'/witherstormmod:bowels
[04Oct2025 00:10:22.544] [Server thread/INFO] [net.minecraft.server.MinecraftServer/]: ThreadedAnvilChunkStorage (world): All chunks are saved
[04Oct2025 00:10:22.544] [Server thread/INFO] [net.minecraft.server.MinecraftServer/]: ThreadedAnvilChunkStorage (DIM-1): All chunks are saved
[04Oct2025 00:10:22.544] [Server thread/INFO] [net.minecraft.server.MinecraftServer/]: ThreadedAnvilChunkStorage (DIM1): All chunks are saved
[04Oct2025 00:10:22.545] [Server thread/INFO] [net.minecraft.server.MinecraftServer/]: ThreadedAnvilChunkStorage (bowels): All chunks are saved
[04Oct2025 00:10:22.545] [Server thread/INFO] [net.minecraft.server.MinecraftServer/]: ThreadedAnvilChunkStorage: All dimensions are saved
